# Logfile created on 2015-06-29 10:21:30 +0900 by logger.rb/44203
D, [2015-06-29T10:21:30.139949 #48408] DEBUG -- : 
D, [2015-06-29T10:21:30.185950 #48408] DEBUG -- : 
I, [2015-06-29T10:21:30.186950 #48408]  INFO -- : Started GET "/train_location/index" for 127.0.0.1 at 2015-06-29 10:21:30 +0900
I, [2015-06-29T10:21:30.389957 #48408]  INFO -- : Processing by TrainLocationController#index as HTML
I, [2015-06-29T10:21:38.186203 #48408]  INFO -- :   Rendered inline template (2.0ms)
I, [2015-06-29T10:21:38.190203 #48408]  INFO -- :   Rendered inline template (2.0ms)
I, [2015-06-29T10:21:38.207204 #48408]  INFO -- :   Rendered inline template (1.0ms)
I, [2015-06-29T10:21:38.208204 #48408]  INFO -- :   Rendered inline template (12.0ms)
I, [2015-06-29T10:21:38.209204 #48408]  INFO -- :   Rendered inline template (18.0ms)
I, [2015-06-29T10:21:38.279206 #48408]  INFO -- :   Rendered inline template (2.0ms)
I, [2015-06-29T10:21:38.280206 #48408]  INFO -- :   Rendered inline template (10.0ms)
I, [2015-06-29T10:21:38.281206 #48408]  INFO -- :   Rendered inline template (17.0ms)
I, [2015-06-29T10:21:43.157360 #48408]  INFO -- :   Rendered inline template (2.0ms)
I, [2015-06-29T10:21:43.158360 #48408]  INFO -- :   Rendered inline template (15.0ms)
I, [2015-06-29T10:21:43.227362 #48408]  INFO -- :   Rendered inline template (2.0ms)
I, [2015-06-29T10:21:43.228362 #48408]  INFO -- :   Rendered inline template (15.0ms)
I, [2015-06-29T10:21:43.265364 #48408]  INFO -- :   Rendered inline template (2.0ms)
I, [2015-06-29T10:21:43.267364 #48408]  INFO -- :   Rendered inline template (37.0ms)
I, [2015-06-29T10:21:43.327366 #48408]  INFO -- :   Rendered inline template (2.0ms)
I, [2015-06-29T10:21:43.329366 #48408]  INFO -- :   Rendered inline template (16.0ms)
I, [2015-06-29T10:21:43.396368 #48408]  INFO -- :   Rendered inline template (11.0ms)
I, [2015-06-29T10:21:43.462370 #48408]  INFO -- :   Rendered inline template (2.0ms)
I, [2015-06-29T10:21:43.463370 #48408]  INFO -- :   Rendered inline template (15.0ms)
I, [2015-06-29T10:21:43.521372 #48408]  INFO -- :   Rendered inline template (2.0ms)
I, [2015-06-29T10:21:43.522372 #48408]  INFO -- :   Rendered inline template (16.0ms)
I, [2015-06-29T10:21:43.522372 #48408]  INFO -- :   Rendered inline template (385.0ms)
I, [2015-06-29T10:21:43.544372 #48408]  INFO -- :   Rendered inline template (2.0ms)
I, [2015-06-29T10:21:43.548372 #48408]  INFO -- :   Rendered inline template (2.0ms)
I, [2015-06-29T10:21:43.549373 #48408]  INFO -- :   Rendered inline template (20.0ms)
I, [2015-06-29T10:21:43.550373 #48408]  INFO -- :   Rendered inline template (27.0ms)
I, [2015-06-29T10:21:43.742379 #48408]  INFO -- :   Rendered inline template (2.0ms)
I, [2015-06-29T10:21:43.743379 #48408]  INFO -- :   Rendered inline template (189.0ms)
I, [2015-06-29T10:21:43.760379 #48408]  INFO -- :   Rendered inline template (2.0ms)
I, [2015-06-29T10:21:43.764379 #48408]  INFO -- :   Rendered inline template (2.0ms)
I, [2015-06-29T10:21:43.765379 #48408]  INFO -- :   Rendered inline template (21.0ms)
I, [2015-06-29T10:21:43.789380 #48408]  INFO -- :   Rendered inline template (2.0ms)
I, [2015-06-29T10:21:43.792380 #48408]  INFO -- :   Rendered inline template (2.0ms)
I, [2015-06-29T10:21:43.793380 #48408]  INFO -- :   Rendered inline template (28.0ms)
I, [2015-06-29T10:21:43.794380 #48408]  INFO -- :   Rendered inline template (242.0ms)
I, [2015-06-29T10:21:43.813381 #48408]  INFO -- :   Rendered inline template (659.0ms)
I, [2015-06-29T10:21:43.817381 #48408]  INFO -- :   Rendered application/_common_content.haml (5644.2ms)
I, [2015-06-29T10:21:43.846382 #48408]  INFO -- :   Rendered inline template (2.0ms)
I, [2015-06-29T10:21:43.851382 #48408]  INFO -- :   Rendered inline template (2.0ms)
I, [2015-06-29T10:21:43.852382 #48408]  INFO -- :   Rendered inline template (25.0ms)
I, [2015-06-29T10:21:43.958385 #48408]  INFO -- :   Rendered inline template (3.0ms)
I, [2015-06-29T10:21:43.959385 #48408]  INFO -- :   Rendered inline template (14.0ms)
I, [2015-06-29T10:21:43.981386 #48408]  INFO -- :   Rendered application/_twitter_script.html (1.0ms)
I, [2015-06-29T10:21:43.983386 #48408]  INFO -- :   Rendered inline template (163.0ms)
I, [2015-06-29T10:21:44.000387 #48408]  INFO -- :   Rendered inline template (2.0ms)
I, [2015-06-29T10:21:44.004387 #48408]  INFO -- :   Rendered inline template (2.0ms)
I, [2015-06-29T10:21:44.008387 #48408]  INFO -- :   Rendered inline template (2.0ms)
I, [2015-06-29T10:21:44.009387 #48408]  INFO -- :   Rendered inline template (20.0ms)
I, [2015-06-29T10:21:44.047388 #48408]  INFO -- :   Rendered inline template (3.0ms)
I, [2015-06-29T10:21:44.048388 #48408]  INFO -- :   Rendered inline template (9.0ms)
I, [2015-06-29T10:21:44.054388 #48408]  INFO -- :   Rendered inline template (4.0ms)
I, [2015-06-29T10:21:44.058389 #48408]  INFO -- :   Rendered inline template (3.0ms)
I, [2015-06-29T10:21:44.062389 #48408]  INFO -- :   Rendered inline template (3.0ms)
I, [2015-06-29T10:21:44.067389 #48408]  INFO -- :   Rendered inline template (4.0ms)
I, [2015-06-29T10:21:44.068389 #48408]  INFO -- :   Rendered inline template (58.0ms)
I, [2015-06-29T10:21:44.106390 #48408]  INFO -- :   Rendered inline template (2.0ms)
I, [2015-06-29T10:21:44.107390 #48408]  INFO -- :   Rendered inline template (33.0ms)
I, [2015-06-29T10:21:44.108390 #48408]  INFO -- :   Rendered inline template (37.0ms)
I, [2015-06-29T10:21:44.121391 #48408]  INFO -- :   Rendered inline template (6.0ms)
I, [2015-06-29T10:21:44.129391 #48408]  INFO -- :   Rendered inline template (4.0ms)
I, [2015-06-29T10:21:44.137391 #48408]  INFO -- :   Rendered inline template (3.0ms)
I, [2015-06-29T10:21:44.144391 #48408]  INFO -- :   Rendered inline template (3.0ms)
I, [2015-06-29T10:21:44.151392 #48408]  INFO -- :   Rendered inline template (4.0ms)
I, [2015-06-29T10:21:44.159392 #48408]  INFO -- :   Rendered inline template (5.0ms)
I, [2015-06-29T10:21:44.160392 #48408]  INFO -- :   Rendered inline template (51.0ms)
I, [2015-06-29T10:21:44.160392 #48408]  INFO -- :   Rendered inline template (91.0ms)
I, [2015-06-29T10:21:44.161392 #48408]  INFO -- :   Rendered inline template (178.0ms)
I, [2015-06-29T10:21:44.222394 #48408]  INFO -- :   Rendered inline template (2.0ms)
I, [2015-06-29T10:21:44.230394 #48408]  INFO -- :   Rendered inline template (4.0ms)
I, [2015-06-29T10:21:44.231394 #48408]  INFO -- :   Rendered inline template (8.0ms)
I, [2015-06-29T10:21:44.232394 #48408]  INFO -- :   Rendered inline template (16.0ms)
I, [2015-06-29T10:21:44.301396 #48408]  INFO -- :   Rendered inline template (50.0ms)
I, [2015-06-29T10:21:44.358398 #48408]  INFO -- :   Rendered inline template (55.0ms)
I, [2015-06-29T10:21:44.400399 #48408]  INFO -- :   Rendered inline template (40.0ms)
I, [2015-06-29T10:21:44.402399 #48408]  INFO -- :   Rendered inline template (190.0ms)
I, [2015-06-29T10:21:44.425400 #48408]  INFO -- :   Rendered inline template (2.0ms)
I, [2015-06-29T10:21:44.432400 #48408]  INFO -- :   Rendered inline template (3.0ms)
I, [2015-06-29T10:21:44.433400 #48408]  INFO -- :   Rendered inline template (6.0ms)
I, [2015-06-29T10:21:44.434400 #48408]  INFO -- :   Rendered inline template (26.0ms)
I, [2015-06-29T10:21:44.445401 #48408]  INFO -- :   Rendered inline template (9.0ms)
I, [2015-06-29T10:21:44.455401 #48408]  INFO -- :   Rendered inline template (8.0ms)
I, [2015-06-29T10:21:44.465401 #48408]  INFO -- :   Rendered inline template (7.0ms)
I, [2015-06-29T10:21:44.466402 #48408]  INFO -- :   Rendered inline template (62.0ms)
I, [2015-06-29T10:21:44.479402 #48408]  INFO -- :   Rendered inline template (2.0ms)
I, [2015-06-29T10:21:44.487402 #48408]  INFO -- :   Rendered inline template (3.0ms)
I, [2015-06-29T10:21:44.489402 #48408]  INFO -- :   Rendered inline template (8.0ms)
I, [2015-06-29T10:21:44.490402 #48408]  INFO -- :   Rendered inline template (16.0ms)
I, [2015-06-29T10:21:44.505403 #48408]  INFO -- :   Rendered inline template (13.0ms)
I, [2015-06-29T10:21:44.514403 #48408]  INFO -- :   Rendered inline template (7.0ms)
I, [2015-06-29T10:21:44.523403 #48408]  INFO -- :   Rendered inline template (8.0ms)
I, [2015-06-29T10:21:44.524403 #48408]  INFO -- :   Rendered inline template (57.0ms)
I, [2015-06-29T10:21:44.537404 #48408]  INFO -- :   Rendered inline template (3.0ms)
I, [2015-06-29T10:21:44.544404 #48408]  INFO -- :   Rendered inline template (3.0ms)
I, [2015-06-29T10:21:44.545404 #48408]  INFO -- :   Rendered inline template (6.0ms)
I, [2015-06-29T10:21:44.559404 #48408]  INFO -- :   Rendered inline template (16.0ms)
I, [2015-06-29T10:21:44.569405 #48408]  INFO -- :   Rendered inline template (8.0ms)
I, [2015-06-29T10:21:44.578405 #48408]  INFO -- :   Rendered inline template (8.0ms)
I, [2015-06-29T10:21:44.588405 #48408]  INFO -- :   Rendered inline template (8.0ms)
I, [2015-06-29T10:21:44.589405 #48408]  INFO -- :   Rendered inline template (63.0ms)
I, [2015-06-29T10:21:44.622406 #48408]  INFO -- :   Rendered inline template (2.0ms)
I, [2015-06-29T10:21:44.630407 #48408]  INFO -- :   Rendered inline template (3.0ms)
I, [2015-06-29T10:21:44.630407 #48408]  INFO -- :   Rendered inline template (7.0ms)
I, [2015-06-29T10:21:44.631407 #48408]  INFO -- :   Rendered inline template (38.0ms)
I, [2015-06-29T10:21:44.640407 #48408]  INFO -- :   Rendered inline template (8.0ms)
I, [2015-06-29T10:21:44.649407 #48408]  INFO -- :   Rendered inline template (8.0ms)
I, [2015-06-29T10:21:44.659408 #48408]  INFO -- :   Rendered inline template (9.0ms)
I, [2015-06-29T10:21:44.660408 #48408]  INFO -- :   Rendered inline template (71.0ms)
I, [2015-06-29T10:21:44.671408 #48408]  INFO -- :   Rendered inline template (2.0ms)
I, [2015-06-29T10:21:44.677408 #48408]  INFO -- :   Rendered inline template (3.0ms)
I, [2015-06-29T10:21:44.678408 #48408]  INFO -- :   Rendered inline template (6.0ms)
I, [2015-06-29T10:21:44.679408 #48408]  INFO -- :   Rendered inline template (15.0ms)
I, [2015-06-29T10:21:44.689409 #48408]  INFO -- :   Rendered inline template (9.0ms)
I, [2015-06-29T10:21:44.698409 #48408]  INFO -- :   Rendered inline template (7.0ms)
I, [2015-06-29T10:21:44.708409 #48408]  INFO -- :   Rendered inline template (9.0ms)
I, [2015-06-29T10:21:44.710409 #48408]  INFO -- :   Rendered inline template (48.0ms)
I, [2015-06-29T10:21:44.721410 #48408]  INFO -- :   Rendered inline template (2.0ms)
I, [2015-06-29T10:21:44.728410 #48408]  INFO -- :   Rendered inline template (3.0ms)
I, [2015-06-29T10:21:44.729410 #48408]  INFO -- :   Rendered inline template (6.0ms)
I, [2015-06-29T10:21:44.729410 #48408]  INFO -- :   Rendered inline template (15.0ms)
I, [2015-06-29T10:21:44.739410 #48408]  INFO -- :   Rendered inline template (9.0ms)
I, [2015-06-29T10:21:44.749410 #48408]  INFO -- :   Rendered inline template (7.0ms)
I, [2015-06-29T10:21:44.758411 #48408]  INFO -- :   Rendered inline template (7.0ms)
I, [2015-06-29T10:21:44.759411 #48408]  INFO -- :   Rendered inline template (48.0ms)
I, [2015-06-29T10:21:44.770411 #48408]  INFO -- :   Rendered inline template (3.0ms)
I, [2015-06-29T10:21:44.820413 #48408]  INFO -- :   Rendered inline template (3.0ms)
I, [2015-06-29T10:21:44.821413 #48408]  INFO -- :   Rendered inline template (49.0ms)
I, [2015-06-29T10:21:44.822413 #48408]  INFO -- :   Rendered inline template (58.0ms)
I, [2015-06-29T10:21:44.831413 #48408]  INFO -- :   Rendered inline template (7.0ms)
I, [2015-06-29T10:21:44.843413 #48408]  INFO -- :   Rendered inline template (9.0ms)
I, [2015-06-29T10:21:44.869414 #48408]  INFO -- :   Rendered inline template (23.0ms)
I, [2015-06-29T10:21:44.870414 #48408]  INFO -- :   Rendered inline template (110.0ms)
I, [2015-06-29T10:21:44.881415 #48408]  INFO -- :   Rendered inline template (3.0ms)
I, [2015-06-29T10:21:44.890415 #48408]  INFO -- :   Rendered inline template (2.0ms)
I, [2015-06-29T10:21:44.923416 #48408]  INFO -- :   Rendered inline template (8.0ms)
I, [2015-06-29T10:21:44.924416 #48408]  INFO -- :   Rendered inline template (48.0ms)
I, [2015-06-29T10:21:44.940416 #48408]  INFO -- :   Rendered inline template (14.0ms)
I, [2015-06-29T10:21:44.954417 #48408]  INFO -- :   Rendered inline template (11.0ms)
I, [2015-06-29T10:21:44.964417 #48408]  INFO -- :   Rendered inline template (7.0ms)
I, [2015-06-29T10:21:44.965417 #48408]  INFO -- :   Rendered inline template (93.0ms)
I, [2015-06-29T10:21:44.967417 #48408]  INFO -- :   Rendered inline template (790.0ms)
I, [2015-06-29T10:21:44.978418 #48408]  INFO -- :   Rendered inline template (3.0ms)
I, [2015-06-29T10:21:45.007419 #48408]  INFO -- :   Rendered inline template (3.0ms)
I, [2015-06-29T10:21:45.008419 #48408]  INFO -- :   Rendered inline template (36.0ms)
I, [2015-06-29T10:21:45.038420 #48408]  INFO -- :   Rendered inline template (2.0ms)
I, [2015-06-29T10:21:45.114422 #48408]  INFO -- :   Rendered inline template (2.0ms)
I, [2015-06-29T10:21:45.117422 #48408]  INFO -- :   Rendered inline template (77.0ms)
I, [2015-06-29T10:21:45.118422 #48408]  INFO -- :   Rendered inline template (106.0ms)
I, [2015-06-29T10:21:45.167424 #48408]  INFO -- :   Rendered inline template (4.0ms)
I, [2015-06-29T10:21:45.168424 #48408]  INFO -- :   Rendered inline template (10.0ms)
I, [2015-06-29T10:21:45.191424 #48408]  INFO -- :   Rendered inline template (5.0ms)
I, [2015-06-29T10:21:45.192424 #48408]  INFO -- :   Rendered inline template (22.0ms)
I, [2015-06-29T10:21:45.192424 #48408]  INFO -- :   Rendered inline template (45.0ms)
I, [2015-06-29T10:21:45.198425 #48408]  INFO -- :   Rendered inline template (2.0ms)
I, [2015-06-29T10:21:45.200425 #48408]  INFO -- :   Rendered inline template (7.0ms)
I, [2015-06-29T10:21:45.210425 #48408]  INFO -- :   Rendered inline template (7.0ms)
I, [2015-06-29T10:21:45.211425 #48408]  INFO -- :   Rendered inline template (70.0ms)
I, [2015-06-29T10:21:45.227426 #48408]  INFO -- :   Rendered inline template (2.0ms)
I, [2015-06-29T10:21:45.228426 #48408]  INFO -- :   Rendered inline template (5.0ms)
I, [2015-06-29T10:21:45.234426 #48408]  INFO -- :   Rendered inline template (4.0ms)
I, [2015-06-29T10:21:45.235426 #48408]  INFO -- :   Rendered inline template (7.0ms)
I, [2015-06-29T10:21:45.236426 #48408]  INFO -- :   Rendered inline template (17.0ms)
I, [2015-06-29T10:21:45.242426 #48408]  INFO -- :   Rendered inline template (2.0ms)
I, [2015-06-29T10:21:45.243426 #48408]  INFO -- :   Rendered inline template (6.0ms)
I, [2015-06-29T10:21:45.254426 #48408]  INFO -- :   Rendered inline template (8.0ms)
I, [2015-06-29T10:21:45.255426 #48408]  INFO -- :   Rendered inline template (41.0ms)
I, [2015-06-29T10:21:45.276427 #48408]  INFO -- :   Rendered inline template (2.0ms)
I, [2015-06-29T10:21:45.276427 #48408]  INFO -- :   Rendered inline template (13.0ms)
I, [2015-06-29T10:21:45.285427 #48408]  INFO -- :   Rendered inline template (5.0ms)
I, [2015-06-29T10:21:45.286427 #48408]  INFO -- :   Rendered inline template (8.0ms)
I, [2015-06-29T10:21:45.287427 #48408]  INFO -- :   Rendered inline template (26.0ms)
I, [2015-06-29T10:21:45.293428 #48408]  INFO -- :   Rendered inline template (2.0ms)
I, [2015-06-29T10:21:45.294428 #48408]  INFO -- :   Rendered inline template (6.0ms)
I, [2015-06-29T10:21:45.304428 #48408]  INFO -- :   Rendered inline template (9.0ms)
I, [2015-06-29T10:21:45.305428 #48408]  INFO -- :   Rendered inline template (49.0ms)
I, [2015-06-29T10:21:45.320428 #48408]  INFO -- :   Rendered inline template (3.0ms)
I, [2015-06-29T10:21:45.321429 #48408]  INFO -- :   Rendered inline template (7.0ms)
I, [2015-06-29T10:21:45.328429 #48408]  INFO -- :   Rendered inline template (3.0ms)
I, [2015-06-29T10:21:45.328429 #48408]  INFO -- :   Rendered inline template (6.0ms)
I, [2015-06-29T10:21:45.329429 #48408]  INFO -- :   Rendered inline template (19.0ms)
I, [2015-06-29T10:21:45.348429 #48408]  INFO -- :   Rendered inline template (3.0ms)
I, [2015-06-29T10:21:45.350429 #48408]  INFO -- :   Rendered inline template (20.0ms)
I, [2015-06-29T10:21:45.359430 #48408]  INFO -- :   Rendered inline template (7.0ms)
I, [2015-06-29T10:21:45.360430 #48408]  INFO -- :   Rendered inline template (53.0ms)
I, [2015-06-29T10:21:45.375430 #48408]  INFO -- :   Rendered inline template (2.0ms)
I, [2015-06-29T10:21:45.376430 #48408]  INFO -- :   Rendered inline template (7.0ms)
I, [2015-06-29T10:21:45.384431 #48408]  INFO -- :   Rendered inline template (4.0ms)
I, [2015-06-29T10:21:45.386431 #48408]  INFO -- :   Rendered inline template (8.0ms)
I, [2015-06-29T10:21:45.387431 #48408]  INFO -- :   Rendered inline template (22.0ms)
I, [2015-06-29T10:21:45.394431 #48408]  INFO -- :   Rendered inline template (2.0ms)
I, [2015-06-29T10:21:45.395431 #48408]  INFO -- :   Rendered inline template (8.0ms)
I, [2015-06-29T10:21:45.405431 #48408]  INFO -- :   Rendered inline template (8.0ms)
I, [2015-06-29T10:21:45.406431 #48408]  INFO -- :   Rendered inline template (44.0ms)
I, [2015-06-29T10:21:45.421432 #48408]  INFO -- :   Rendered inline template (2.0ms)
I, [2015-06-29T10:21:45.421432 #48408]  INFO -- :   Rendered inline template (6.0ms)
I, [2015-06-29T10:21:45.427432 #48408]  INFO -- :   Rendered inline template (3.0ms)
I, [2015-06-29T10:21:45.428432 #48408]  INFO -- :   Rendered inline template (6.0ms)
I, [2015-06-29T10:21:45.429432 #48408]  INFO -- :   Rendered inline template (17.0ms)
I, [2015-06-29T10:21:45.437432 #48408]  INFO -- :   Rendered inline template (3.0ms)
I, [2015-06-29T10:21:45.438432 #48408]  INFO -- :   Rendered inline template (8.0ms)
I, [2015-06-29T10:21:45.446432 #48408]  INFO -- :   Rendered inline template (7.0ms)
I, [2015-06-29T10:21:45.447433 #48408]  INFO -- :   Rendered inline template (40.0ms)
I, [2015-06-29T10:21:45.463433 #48408]  INFO -- :   Rendered inline template (2.0ms)
I, [2015-06-29T10:21:45.464433 #48408]  INFO -- :   Rendered inline template (5.0ms)
I, [2015-06-29T10:21:45.471433 #48408]  INFO -- :   Rendered inline template (2.0ms)
I, [2015-06-29T10:21:45.472433 #48408]  INFO -- :   Rendered inline template (7.0ms)
I, [2015-06-29T10:21:45.472433 #48408]  INFO -- :   Rendered inline template (18.0ms)
I, [2015-06-29T10:21:45.478433 #48408]  INFO -- :   Rendered inline template (2.0ms)
I, [2015-06-29T10:21:45.479434 #48408]  INFO -- :   Rendered inline template (6.0ms)
I, [2015-06-29T10:21:45.676440 #48408]  INFO -- :   Rendered inline template (217.0ms)
I, [2015-06-29T10:21:45.677440 #48408]  INFO -- :   Rendered inline template (557.0ms)
I, [2015-06-29T10:21:45.677440 #48408]  INFO -- :   Rendered inline template (668.0ms)
I, [2015-06-29T10:21:45.678440 #48408]  INFO -- :   Rendered train_location/index.haml within layouts/application (7582.2ms)
I, [2015-06-29T10:21:45.679440 #48408]  INFO -- : Completed 500 Internal Server Error in 15289ms (ActiveRecord: 0.0ms)
F, [2015-06-29T10:21:46.123454 #48408] FATAL -- : 
NameError - undefined local variable or method `max_delay_decorator' for #<TokyoMetro::Factory::Decorate::Api::TrainOperation::Info:0xbbaeaa0>:
  rails_decorate_factory (0.1.0) lib/rails_decorate_factory.rb:84:in `method_missing'
  tokyo_metro (0.8.8) lib/tokyo_metro/factory/decorate/api/train_operation/info.rb:227:in `to_render_status_additional_infos_ja?'
  tokyo_metro (0.8.8) lib/tokyo_metro/factory/decorate/api/train_operation/info.rb:109:in `render_status_additional_infos'
  inline template:6:in `_inline_template___901197433_98398380'
  actionview (4.2.1) lib/action_view/template.rb:145:in `block in render'
  activesupport (4.2.1) lib/active_support/notifications.rb:166:in `instrument'
  actionview (4.2.1) lib/action_view/template.rb:333:in `instrument'
  actionview (4.2.1) lib/action_view/template.rb:143:in `render'
  actionview (4.2.1) lib/action_view/renderer/template_renderer.rb:54:in `block (2 levels) in render_template'
  actionview (4.2.1) lib/action_view/renderer/abstract_renderer.rb:39:in `block in instrument'
  activesupport (4.2.1) lib/active_support/notifications.rb:164:in `block in instrument'
  activesupport (4.2.1) lib/active_support/notifications/instrumenter.rb:20:in `instrument'
  activesupport (4.2.1) lib/active_support/notifications.rb:164:in `instrument'
  actionview (4.2.1) lib/action_view/renderer/abstract_renderer.rb:39:in `instrument'
  actionview (4.2.1) lib/action_view/renderer/template_renderer.rb:53:in `block in render_template'
  actionview (4.2.1) lib/action_view/renderer/template_renderer.rb:61:in `render_with_layout'
  actionview (4.2.1) lib/action_view/renderer/template_renderer.rb:52:in `render_template'
  actionview (4.2.1) lib/action_view/renderer/template_renderer.rb:14:in `render'
  actionview (4.2.1) lib/action_view/renderer/renderer.rb:42:in `render_template'
  actionview (4.2.1) lib/action_view/renderer/renderer.rb:23:in `render'
  actionview (4.2.1) lib/action_view/helpers/rendering_helper.rb:32:in `render'
  haml (4.0.6) lib/haml/helpers/action_view_mods.rb:10:in `block in render_with_haml'
  haml (4.0.6) lib/haml/helpers.rb:89:in `non_haml'
  haml (4.0.6) lib/haml/helpers/action_view_mods.rb:10:in `render_with_haml'
  tokyo_metro (0.8.8) lib/tokyo_metro/factory/decorate/api/train_operation/common.rb:14:in `render'
  tokyo_metro (0.8.8) lib/tokyo_metro/app/renderer/real_time_infos/each_railway_line.rb:18:in `render_train_operation_info'
  inline template:2:in `block in _inline_template___901197433_94696608'
  inline template:1:in `_inline_template___901197433_94696608'
  actionview (4.2.1) lib/action_view/template.rb:145:in `block in render'
  activesupport (4.2.1) lib/active_support/notifications.rb:166:in `instrument'
  actionview (4.2.1) lib/action_view/template.rb:333:in `instrument'
  actionview (4.2.1) lib/action_view/template.rb:143:in `render'
  actionview (4.2.1) lib/action_view/renderer/template_renderer.rb:54:in `block (2 levels) in render_template'
  actionview (4.2.1) lib/action_view/renderer/abstract_renderer.rb:39:in `block in instrument'
  activesupport (4.2.1) lib/active_support/notifications.rb:164:in `block in instrument'
  activesupport (4.2.1) lib/active_support/notifications/instrumenter.rb:20:in `instrument'
  activesupport (4.2.1) lib/active_support/notifications.rb:164:in `instrument'
  actionview (4.2.1) lib/action_view/renderer/abstract_renderer.rb:39:in `instrument'
  actionview (4.2.1) lib/action_view/renderer/template_renderer.rb:53:in `block in render_template'
  actionview (4.2.1) lib/action_view/renderer/template_renderer.rb:61:in `render_with_layout'
  actionview (4.2.1) lib/action_view/renderer/template_renderer.rb:52:in `render_template'
  actionview (4.2.1) lib/action_view/renderer/template_renderer.rb:14:in `render'
  actionview (4.2.1) lib/action_view/renderer/renderer.rb:42:in `render_template'
  actionview (4.2.1) lib/action_view/renderer/renderer.rb:23:in `render'
  actionview (4.2.1) lib/action_view/helpers/rendering_helper.rb:32:in `render'
  haml (4.0.6) lib/haml/helpers/action_view_mods.rb:10:in `block in render_with_haml'
  haml (4.0.6) lib/haml/helpers.rb:89:in `non_haml'
  haml (4.0.6) lib/haml/helpers/action_view_mods.rb:10:in `render_with_haml'
  tokyo_metro (0.8.8) lib/tokyo_metro/app/renderer/real_time_infos.rb:77:in `render_train_operation_infos'
  inline template:3:in `_inline_template___901197433_94274028'
  actionview (4.2.1) lib/action_view/template.rb:145:in `block in render'
  activesupport (4.2.1) lib/active_support/notifications.rb:166:in `instrument'
  actionview (4.2.1) lib/action_view/template.rb:333:in `instrument'
  actionview (4.2.1) lib/action_view/template.rb:143:in `render'
  actionview (4.2.1) lib/action_view/renderer/template_renderer.rb:54:in `block (2 levels) in render_template'
  actionview (4.2.1) lib/action_view/renderer/abstract_renderer.rb:39:in `block in instrument'
  activesupport (4.2.1) lib/active_support/notifications.rb:164:in `block in instrument'
  activesupport (4.2.1) lib/active_support/notifications/instrumenter.rb:20:in `instrument'
  activesupport (4.2.1) lib/active_support/notifications.rb:164:in `instrument'
  actionview (4.2.1) lib/action_view/renderer/abstract_renderer.rb:39:in `instrument'
  actionview (4.2.1) lib/action_view/renderer/template_renderer.rb:53:in `block in render_template'
  actionview (4.2.1) lib/action_view/renderer/template_renderer.rb:61:in `render_with_layout'
  actionview (4.2.1) lib/action_view/renderer/template_renderer.rb:52:in `render_template'
  actionview (4.2.1) lib/action_view/renderer/template_renderer.rb:14:in `render'
  actionview (4.2.1) lib/action_view/renderer/renderer.rb:42:in `render_template'
  actionview (4.2.1) lib/action_view/renderer/renderer.rb:23:in `render'
  actionview (4.2.1) lib/action_view/helpers/rendering_helper.rb:32:in `render'
  haml (4.0.6) lib/haml/helpers/action_view_mods.rb:12:in `render_with_haml'
  tokyo_metro (0.8.8) lib/tokyo_metro/app/renderer/real_time_infos.rb:58:in `render'
  app/views/train_location/index.haml:10:in `_app_views_train_location_index_haml__235937074_69570912'
  actionview (4.2.1) lib/action_view/template.rb:145:in `block in render'
  activesupport (4.2.1) lib/active_support/notifications.rb:166:in `instrument'
  actionview (4.2.1) lib/action_view/template.rb:333:in `instrument'
  actionview (4.2.1) lib/action_view/template.rb:143:in `render'
  actionview (4.2.1) lib/action_view/renderer/template_renderer.rb:54:in `block (2 levels) in render_template'
  actionview (4.2.1) lib/action_view/renderer/abstract_renderer.rb:39:in `block in instrument'
  activesupport (4.2.1) lib/active_support/notifications.rb:164:in `block in instrument'
  activesupport (4.2.1) lib/active_support/notifications/instrumenter.rb:20:in `instrument'
  activesupport (4.2.1) lib/active_support/notifications.rb:164:in `instrument'
  actionview (4.2.1) lib/action_view/renderer/abstract_renderer.rb:39:in `instrument'
  actionview (4.2.1) lib/action_view/renderer/template_renderer.rb:53:in `block in render_template'
  actionview (4.2.1) lib/action_view/renderer/template_renderer.rb:61:in `render_with_layout'
  actionview (4.2.1) lib/action_view/renderer/template_renderer.rb:52:in `render_template'
  actionview (4.2.1) lib/action_view/renderer/template_renderer.rb:14:in `render'
  actionview (4.2.1) lib/action_view/renderer/renderer.rb:42:in `render_template'
  actionview (4.2.1) lib/action_view/renderer/renderer.rb:23:in `render'
  actionview (4.2.1) lib/action_view/rendering.rb:100:in `_render_template'
  actionpack (4.2.1) lib/action_controller/metal/streaming.rb:217:in `_render_template'
  actionview (4.2.1) lib/action_view/rendering.rb:83:in `render_to_body'
  actionpack (4.2.1) lib/action_controller/metal/rendering.rb:32:in `render_to_body'
  actionpack (4.2.1) lib/action_controller/metal/renderers.rb:37:in `render_to_body'
  actionpack (4.2.1) lib/abstract_controller/rendering.rb:25:in `render'
  actionpack (4.2.1) lib/action_controller/metal/rendering.rb:16:in `render'
  actionpack (4.2.1) lib/action_controller/metal/instrumentation.rb:44:in `block (2 levels) in render'
  activesupport (4.2.1) lib/active_support/core_ext/benchmark.rb:12:in `block in ms'
  C:/Ruby21/lib/ruby/2.1.0/benchmark.rb:294:in `realtime'
  activesupport (4.2.1) lib/active_support/core_ext/benchmark.rb:12:in `ms'
  actionpack (4.2.1) lib/action_controller/metal/instrumentation.rb:44:in `block in render'
  actionpack (4.2.1) lib/action_controller/metal/instrumentation.rb:87:in `cleanup_view_runtime'
  activerecord (4.2.1) lib/active_record/railties/controller_runtime.rb:25:in `cleanup_view_runtime'
  actionpack (4.2.1) lib/action_controller/metal/instrumentation.rb:43:in `render'
  app/controllers/train_location_controller.rb:15:in `index'
  actionpack (4.2.1) lib/action_controller/metal/implicit_render.rb:4:in `send_action'
  actionpack (4.2.1) lib/abstract_controller/base.rb:198:in `process_action'
  actionpack (4.2.1) lib/action_controller/metal/rendering.rb:10:in `process_action'
  actionpack (4.2.1) lib/abstract_controller/callbacks.rb:20:in `block in process_action'
  activesupport (4.2.1) lib/active_support/callbacks.rb:117:in `call'
  activesupport (4.2.1) lib/active_support/callbacks.rb:555:in `block (2 levels) in compile'
  activesupport (4.2.1) lib/active_support/callbacks.rb:505:in `call'
  activesupport (4.2.1) lib/active_support/callbacks.rb:92:in `_run_callbacks'
  activesupport (4.2.1) lib/active_support/callbacks.rb:776:in `_run_process_action_callbacks'
  activesupport (4.2.1) lib/active_support/callbacks.rb:81:in `run_callbacks'
  actionpack (4.2.1) lib/abstract_controller/callbacks.rb:19:in `process_action'
  actionpack (4.2.1) lib/action_controller/metal/rescue.rb:29:in `process_action'
  actionpack (4.2.1) lib/action_controller/metal/instrumentation.rb:32:in `block in process_action'
  activesupport (4.2.1) lib/active_support/notifications.rb:164:in `block in instrument'
  activesupport (4.2.1) lib/active_support/notifications/instrumenter.rb:20:in `instrument'
  activesupport (4.2.1) lib/active_support/notifications.rb:164:in `instrument'
  actionpack (4.2.1) lib/action_controller/metal/instrumentation.rb:30:in `process_action'
  actionpack (4.2.1) lib/action_controller/metal/params_wrapper.rb:250:in `process_action'
  activerecord (4.2.1) lib/active_record/railties/controller_runtime.rb:18:in `process_action'
  actionpack (4.2.1) lib/abstract_controller/base.rb:137:in `process'
  actionview (4.2.1) lib/action_view/rendering.rb:30:in `process'
  actionpack (4.2.1) lib/action_controller/metal.rb:196:in `dispatch'
  actionpack (4.2.1) lib/action_controller/metal/rack_delegation.rb:13:in `dispatch'
  actionpack (4.2.1) lib/action_controller/metal.rb:237:in `block in action'
  actionpack (4.2.1) lib/action_dispatch/routing/route_set.rb:74:in `dispatch'
  actionpack (4.2.1) lib/action_dispatch/routing/route_set.rb:43:in `serve'
  actionpack (4.2.1) lib/action_dispatch/journey/router.rb:43:in `block in serve'
  actionpack (4.2.1) lib/action_dispatch/journey/router.rb:30:in `serve'
  actionpack (4.2.1) lib/action_dispatch/routing/route_set.rb:819:in `call'
  bullet (4.14.7) lib/bullet/rack.rb:10:in `call'
  rack (1.6.2) lib/rack/etag.rb:24:in `call'
  rack (1.6.2) lib/rack/conditionalget.rb:25:in `call'
  rack (1.6.2) lib/rack/head.rb:13:in `call'
  actionpack (4.2.1) lib/action_dispatch/middleware/params_parser.rb:27:in `call'
  actionpack (4.2.1) lib/action_dispatch/middleware/flash.rb:260:in `call'
  rack (1.6.2) lib/rack/session/abstract/id.rb:225:in `context'
  rack (1.6.2) lib/rack/session/abstract/id.rb:220:in `call'
  actionpack (4.2.1) lib/action_dispatch/middleware/cookies.rb:560:in `call'
  activerecord (4.2.1) lib/active_record/query_cache.rb:36:in `call'
  activerecord (4.2.1) lib/active_record/connection_adapters/abstract/connection_pool.rb:649:in `call'
  activerecord (4.2.1) lib/active_record/migration.rb:378:in `call'
  actionpack (4.2.1) lib/action_dispatch/middleware/callbacks.rb:29:in `block in call'
  activesupport (4.2.1) lib/active_support/callbacks.rb:88:in `_run_callbacks'
  activesupport (4.2.1) lib/active_support/callbacks.rb:776:in `_run_call_callbacks'
  activesupport (4.2.1) lib/active_support/callbacks.rb:81:in `run_callbacks'
  actionpack (4.2.1) lib/action_dispatch/middleware/callbacks.rb:27:in `call'
  actionpack (4.2.1) lib/action_dispatch/middleware/reloader.rb:73:in `call'
  actionpack (4.2.1) lib/action_dispatch/middleware/remote_ip.rb:78:in `call'
  better_errors (2.1.1) lib/better_errors/middleware.rb:84:in `protected_app_call'
  better_errors (2.1.1) lib/better_errors/middleware.rb:79:in `better_errors_call'
  better_errors (2.1.1) lib/better_errors/middleware.rb:57:in `call'
  actionpack (4.2.1) lib/action_dispatch/middleware/debug_exceptions.rb:17:in `call'
  actionpack (4.2.1) lib/action_dispatch/middleware/show_exceptions.rb:30:in `call'
  railties (4.2.1) lib/rails/rack/logger.rb:38:in `call_app'
  railties (4.2.1) lib/rails/rack/logger.rb:22:in `call'
  quiet_assets (1.0.3) lib/quiet_assets.rb:23:in `call_with_quiet_assets'
  request_store (1.1.0) lib/request_store/middleware.rb:8:in `call'
  actionpack (4.2.1) lib/action_dispatch/middleware/request_id.rb:21:in `call'
  rack (1.6.2) lib/rack/methodoverride.rb:22:in `call'
  rack (1.6.2) lib/rack/runtime.rb:18:in `call'
  activesupport (4.2.1) lib/active_support/cache/strategy/local_cache_middleware.rb:28:in `call'
  rack (1.6.2) lib/rack/lock.rb:17:in `call'
  rack (1.6.2) lib/rack/sendfile.rb:113:in `call'
  railties (4.2.1) lib/rails/engine.rb:518:in `call'
  railties (4.2.1) lib/rails/application.rb:164:in `call'
  rack (1.6.2) lib/rack/lock.rb:17:in `call'
  rack (1.6.2) lib/rack/content_length.rb:15:in `call'
  rack (1.6.2) lib/rack/handler/webrick.rb:88:in `service'
  C:/Ruby21/lib/ruby/2.1.0/webrick/httpserver.rb:138:in `service'
  C:/Ruby21/lib/ruby/2.1.0/webrick/httpserver.rb:94:in `run'
  C:/Ruby21/lib/ruby/2.1.0/webrick/server.rb:295:in `block in start_thread'

D, [2015-06-29T10:21:47.542499 #48408] DEBUG -- : 
D, [2015-06-29T10:21:47.549499 #48408] DEBUG -- : 
I, [2015-06-29T10:21:47.552499 #48408]  INFO -- : Started POST "/__better_errors/0430727db7aea3de/variables" for 127.0.0.1 at 2015-06-29 10:21:47 +0900
D, [2015-06-29T10:22:46.229353 #48408] DEBUG -- : 
D, [2015-06-29T10:22:46.235353 #48408] DEBUG -- : 
I, [2015-06-29T10:22:46.237353 #48408]  INFO -- : Started POST "/__better_errors/0430727db7aea3de/variables" for 127.0.0.1 at 2015-06-29 10:22:46 +0900
D, [2015-06-29T10:22:48.588428 #48408] DEBUG -- : 
D, [2015-06-29T10:22:48.589428 #48408] DEBUG -- : 
I, [2015-06-29T10:22:48.590428 #48408]  INFO -- : Started POST "/__better_errors/0430727db7aea3de/variables" for 127.0.0.1 at 2015-06-29 10:22:48 +0900
D, [2015-06-29T10:33:34.486837 #53224] DEBUG -- : 
D, [2015-06-29T10:33:34.547839 #53224] DEBUG -- : 
I, [2015-06-29T10:33:34.549839 #53224]  INFO -- : Started GET "/train_location/index" for 127.0.0.1 at 2015-06-29 10:33:34 +0900
I, [2015-06-29T10:33:34.737845 #53224]  INFO -- : Processing by TrainLocationController#index as HTML
I, [2015-06-29T10:33:42.102078 #53224]  INFO -- :   Rendered inline template (7.0ms)
I, [2015-06-29T10:33:42.132079 #53224]  INFO -- :   Rendered inline template (3.0ms)
I, [2015-06-29T10:33:42.149080 #53224]  INFO -- :   Rendered inline template (2.0ms)
I, [2015-06-29T10:33:42.150080 #53224]  INFO -- :   Rendered inline template (12.0ms)
I, [2015-06-29T10:33:42.151080 #53224]  INFO -- :   Rendered inline template (18.0ms)
I, [2015-06-29T10:33:42.261083 #53224]  INFO -- :   Rendered inline template (7.0ms)
I, [2015-06-29T10:33:42.306085 #53224]  INFO -- :   Rendered inline template (60.0ms)
I, [2015-06-29T10:33:42.308085 #53224]  INFO -- :   Rendered inline template (65.0ms)
I, [2015-06-29T10:33:43.766131 #53224]  INFO -- :   Rendered inline template (1.0ms)
I, [2015-06-29T10:33:43.767131 #53224]  INFO -- :   Rendered inline template (13.0ms)
I, [2015-06-29T10:33:43.843133 #53224]  INFO -- :   Rendered inline template (2.0ms)
I, [2015-06-29T10:33:43.845133 #53224]  INFO -- :   Rendered inline template (14.0ms)
I, [2015-06-29T10:33:43.864134 #53224]  INFO -- :   Rendered inline template (2.0ms)
I, [2015-06-29T10:33:43.865134 #53224]  INFO -- :   Rendered inline template (13.0ms)
I, [2015-06-29T10:33:43.911135 #53224]  INFO -- :   Rendered inline template (2.0ms)
I, [2015-06-29T10:33:43.913135 #53224]  INFO -- :   Rendered inline template (14.0ms)
I, [2015-06-29T10:33:43.968137 #53224]  INFO -- :   Rendered inline template (10.0ms)
I, [2015-06-29T10:33:44.056140 #53224]  INFO -- :   Rendered inline template (2.0ms)
I, [2015-06-29T10:33:44.058140 #53224]  INFO -- :   Rendered inline template (21.0ms)
I, [2015-06-29T10:33:44.121142 #53224]  INFO -- :   Rendered inline template (1.0ms)
I, [2015-06-29T10:33:44.123142 #53224]  INFO -- :   Rendered inline template (13.0ms)
I, [2015-06-29T10:33:44.139142 #53224]  INFO -- :   Rendered inline template (374.0ms)
I, [2015-06-29T10:33:44.157143 #53224]  INFO -- :   Rendered inline template (2.0ms)
I, [2015-06-29T10:33:44.167143 #53224]  INFO -- :   Rendered inline template (2.0ms)
I, [2015-06-29T10:33:44.176144 #53224]  INFO -- :   Rendered inline template (23.0ms)
I, [2015-06-29T10:33:44.177144 #53224]  INFO -- :   Rendered inline template (37.0ms)
I, [2015-06-29T10:33:44.512154 #53224]  INFO -- :   Rendered inline template (2.0ms)
I, [2015-06-29T10:33:44.513154 #53224]  INFO -- :   Rendered inline template (331.0ms)
I, [2015-06-29T10:33:44.529155 #53224]  INFO -- :   Rendered inline template (2.0ms)
I, [2015-06-29T10:33:44.534155 #53224]  INFO -- :   Rendered inline template (2.0ms)
I, [2015-06-29T10:33:44.535155 #53224]  INFO -- :   Rendered inline template (21.0ms)
I, [2015-06-29T10:33:44.551155 #53224]  INFO -- :   Rendered inline template (3.0ms)
I, [2015-06-29T10:33:44.555156 #53224]  INFO -- :   Rendered inline template (2.0ms)
I, [2015-06-29T10:33:44.556156 #53224]  INFO -- :   Rendered inline template (19.0ms)
I, [2015-06-29T10:33:44.557156 #53224]  INFO -- :   Rendered inline template (378.0ms)
I, [2015-06-29T10:33:44.557156 #53224]  INFO -- :   Rendered inline template (811.0ms)
I, [2015-06-29T10:33:44.560156 #53224]  INFO -- :   Rendered application/_common_content.haml (2528.1ms)
I, [2015-06-29T10:33:44.579156 #53224]  INFO -- :   Rendered inline template (2.0ms)
I, [2015-06-29T10:33:44.583156 #53224]  INFO -- :   Rendered inline template (2.0ms)
I, [2015-06-29T10:33:44.584157 #53224]  INFO -- :   Rendered inline template (16.0ms)
I, [2015-06-29T10:33:44.669159 #53224]  INFO -- :   Rendered inline template (2.0ms)
I, [2015-06-29T10:33:44.670159 #53224]  INFO -- :   Rendered inline template (11.0ms)
I, [2015-06-29T10:33:44.680160 #53224]  INFO -- :   Rendered application/_twitter_script.html (1.0ms)
I, [2015-06-29T10:33:44.682160 #53224]  INFO -- :   Rendered inline template (120.0ms)
I, [2015-06-29T10:33:44.701160 #53224]  INFO -- :   Rendered inline template (2.0ms)
I, [2015-06-29T10:33:44.705160 #53224]  INFO -- :   Rendered inline template (1.0ms)
I, [2015-06-29T10:33:44.710160 #53224]  INFO -- :   Rendered inline template (2.0ms)
I, [2015-06-29T10:33:44.712161 #53224]  INFO -- :   Rendered inline template (21.0ms)
I, [2015-06-29T10:33:44.745162 #53224]  INFO -- :   Rendered inline template (2.0ms)
I, [2015-06-29T10:33:44.746162 #53224]  INFO -- :   Rendered inline template (8.0ms)
I, [2015-06-29T10:33:44.751162 #53224]  INFO -- :   Rendered inline template (3.0ms)
I, [2015-06-29T10:33:44.755162 #53224]  INFO -- :   Rendered inline template (3.0ms)
I, [2015-06-29T10:33:44.760162 #53224]  INFO -- :   Rendered inline template (3.0ms)
I, [2015-06-29T10:33:44.765162 #53224]  INFO -- :   Rendered inline template (3.0ms)
I, [2015-06-29T10:33:44.767162 #53224]  INFO -- :   Rendered inline template (53.0ms)
I, [2015-06-29T10:33:44.898166 #53224]  INFO -- :   Rendered inline template (2.0ms)
I, [2015-06-29T10:33:44.899166 #53224]  INFO -- :   Rendered inline template (7.0ms)
I, [2015-06-29T10:33:44.900166 #53224]  INFO -- :   Rendered inline template (130.0ms)
I, [2015-06-29T10:33:44.909167 #53224]  INFO -- :   Rendered inline template (3.0ms)
I, [2015-06-29T10:33:44.916167 #53224]  INFO -- :   Rendered inline template (4.0ms)
I, [2015-06-29T10:33:44.920167 #53224]  INFO -- :   Rendered inline template (2.0ms)
I, [2015-06-29T10:33:44.926167 #53224]  INFO -- :   Rendered inline template (3.0ms)
I, [2015-06-29T10:33:44.932168 #53224]  INFO -- :   Rendered inline template (3.0ms)
I, [2015-06-29T10:33:44.937168 #53224]  INFO -- :   Rendered inline template (2.0ms)
I, [2015-06-29T10:33:44.938168 #53224]  INFO -- :   Rendered inline template (37.0ms)
I, [2015-06-29T10:33:44.939168 #53224]  INFO -- :   Rendered inline template (170.0ms)
I, [2015-06-29T10:33:44.940168 #53224]  INFO -- :   Rendered inline template (255.0ms)
I, [2015-06-29T10:33:45.000170 #53224]  INFO -- :   Rendered inline template (2.0ms)
I, [2015-06-29T10:33:45.008170 #53224]  INFO -- :   Rendered inline template (3.0ms)
I, [2015-06-29T10:33:45.009170 #53224]  INFO -- :   Rendered inline template (8.0ms)
I, [2015-06-29T10:33:45.010170 #53224]  INFO -- :   Rendered inline template (17.0ms)
I, [2015-06-29T10:33:45.028171 #53224]  INFO -- :   Rendered inline template (15.0ms)
I, [2015-06-29T10:33:45.046171 #53224]  INFO -- :   Rendered inline template (16.0ms)
I, [2015-06-29T10:33:45.064172 #53224]  INFO -- :   Rendered inline template (16.0ms)
I, [2015-06-29T10:33:45.065172 #53224]  INFO -- :   Rendered inline template (75.0ms)
I, [2015-06-29T10:33:45.093173 #53224]  INFO -- :   Rendered inline template (2.0ms)
I, [2015-06-29T10:33:45.100173 #53224]  INFO -- :   Rendered inline template (3.0ms)
I, [2015-06-29T10:33:45.102173 #53224]  INFO -- :   Rendered inline template (8.0ms)
I, [2015-06-29T10:33:45.103173 #53224]  INFO -- :   Rendered inline template (32.0ms)
I, [2015-06-29T10:33:45.119173 #53224]  INFO -- :   Rendered inline template (13.0ms)
I, [2015-06-29T10:33:45.129174 #53224]  INFO -- :   Rendered inline template (8.0ms)
I, [2015-06-29T10:33:45.140174 #53224]  INFO -- :   Rendered inline template (9.0ms)
I, [2015-06-29T10:33:45.141174 #53224]  INFO -- :   Rendered inline template (75.0ms)
I, [2015-06-29T10:33:45.153174 #53224]  INFO -- :   Rendered inline template (3.0ms)
I, [2015-06-29T10:33:45.159175 #53224]  INFO -- :   Rendered inline template (3.0ms)
I, [2015-06-29T10:33:45.161175 #53224]  INFO -- :   Rendered inline template (6.0ms)
I, [2015-06-29T10:33:45.191176 #53224]  INFO -- :   Rendered inline template (15.0ms)
I, [2015-06-29T10:33:45.201176 #53224]  INFO -- :   Rendered inline template (8.0ms)
I, [2015-06-29T10:33:45.210176 #53224]  INFO -- :   Rendered inline template (7.0ms)
I, [2015-06-29T10:33:45.219177 #53224]  INFO -- :   Rendered inline template (8.0ms)
I, [2015-06-29T10:33:45.221177 #53224]  INFO -- :   Rendered inline template (78.0ms)
I, [2015-06-29T10:33:45.231177 #53224]  INFO -- :   Rendered inline template (2.0ms)
I, [2015-06-29T10:33:45.239177 #53224]  INFO -- :   Rendered inline template (3.0ms)
I, [2015-06-29T10:33:45.240177 #53224]  INFO -- :   Rendered inline template (8.0ms)
I, [2015-06-29T10:33:45.241177 #53224]  INFO -- :   Rendered inline template (16.0ms)
I, [2015-06-29T10:33:45.251178 #53224]  INFO -- :   Rendered inline template (7.0ms)
I, [2015-06-29T10:33:45.260178 #53224]  INFO -- :   Rendered inline template (8.0ms)
I, [2015-06-29T10:33:45.271178 #53224]  INFO -- :   Rendered inline template (8.0ms)
I, [2015-06-29T10:33:45.273178 #53224]  INFO -- :   Rendered inline template (51.0ms)
I, [2015-06-29T10:33:45.285179 #53224]  INFO -- :   Rendered inline template (2.0ms)
I, [2015-06-29T10:33:45.292179 #53224]  INFO -- :   Rendered inline template (3.0ms)
I, [2015-06-29T10:33:45.293179 #53224]  INFO -- :   Rendered inline template (7.0ms)
I, [2015-06-29T10:33:45.294179 #53224]  INFO -- :   Rendered inline template (16.0ms)
I, [2015-06-29T10:33:45.306179 #53224]  INFO -- :   Rendered inline template (10.0ms)
I, [2015-06-29T10:33:45.317180 #53224]  INFO -- :   Rendered inline template (9.0ms)
I, [2015-06-29T10:33:45.327180 #53224]  INFO -- :   Rendered inline template (8.0ms)
I, [2015-06-29T10:33:45.327180 #53224]  INFO -- :   Rendered inline template (53.0ms)
I, [2015-06-29T10:33:45.341180 #53224]  INFO -- :   Rendered inline template (3.0ms)
I, [2015-06-29T10:33:45.348181 #53224]  INFO -- :   Rendered inline template (2.0ms)
I, [2015-06-29T10:33:45.350181 #53224]  INFO -- :   Rendered inline template (7.0ms)
I, [2015-06-29T10:33:45.351181 #53224]  INFO -- :   Rendered inline template (17.0ms)
I, [2015-06-29T10:33:45.360181 #53224]  INFO -- :   Rendered inline template (8.0ms)
I, [2015-06-29T10:33:45.370181 #53224]  INFO -- :   Rendered inline template (8.0ms)
I, [2015-06-29T10:33:45.379182 #53224]  INFO -- :   Rendered inline template (7.0ms)
I, [2015-06-29T10:33:45.380182 #53224]  INFO -- :   Rendered inline template (50.0ms)
I, [2015-06-29T10:33:45.397182 #53224]  INFO -- :   Rendered inline template (2.0ms)
I, [2015-06-29T10:33:45.404182 #53224]  INFO -- :   Rendered inline template (3.0ms)
I, [2015-06-29T10:33:45.405182 #53224]  INFO -- :   Rendered inline template (8.0ms)
I, [2015-06-29T10:33:45.406182 #53224]  INFO -- :   Rendered inline template (19.0ms)
I, [2015-06-29T10:33:45.415183 #53224]  INFO -- :   Rendered inline template (7.0ms)
I, [2015-06-29T10:33:45.425183 #53224]  INFO -- :   Rendered inline template (8.0ms)
I, [2015-06-29T10:33:45.434183 #53224]  INFO -- :   Rendered inline template (7.0ms)
I, [2015-06-29T10:33:45.435183 #53224]  INFO -- :   Rendered inline template (54.0ms)
I, [2015-06-29T10:33:45.451184 #53224]  INFO -- :   Rendered inline template (4.0ms)
I, [2015-06-29T10:33:45.463184 #53224]  INFO -- :   Rendered inline template (4.0ms)
I, [2015-06-29T10:33:45.465184 #53224]  INFO -- :   Rendered inline template (11.0ms)
I, [2015-06-29T10:33:45.467184 #53224]  INFO -- :   Rendered inline template (25.0ms)
I, [2015-06-29T10:33:45.477185 #53224]  INFO -- :   Rendered inline template (8.0ms)
I, [2015-06-29T10:33:45.486185 #53224]  INFO -- :   Rendered inline template (7.0ms)
I, [2015-06-29T10:33:45.496185 #53224]  INFO -- :   Rendered inline template (7.0ms)
I, [2015-06-29T10:33:45.496185 #53224]  INFO -- :   Rendered inline template (60.0ms)
I, [2015-06-29T10:33:45.508186 #53224]  INFO -- :   Rendered inline template (3.0ms)
I, [2015-06-29T10:33:45.516186 #53224]  INFO -- :   Rendered inline template (3.0ms)
I, [2015-06-29T10:33:45.517186 #53224]  INFO -- :   Rendered inline template (7.0ms)
I, [2015-06-29T10:33:45.518186 #53224]  INFO -- :   Rendered inline template (16.0ms)
I, [2015-06-29T10:33:45.529186 #53224]  INFO -- :   Rendered inline template (10.0ms)
I, [2015-06-29T10:33:45.539187 #53224]  INFO -- :   Rendered inline template (8.0ms)
I, [2015-06-29T10:33:45.548187 #53224]  INFO -- :   Rendered inline template (8.0ms)
I, [2015-06-29T10:33:45.550187 #53224]  INFO -- :   Rendered inline template (52.0ms)
I, [2015-06-29T10:33:45.551187 #53224]  INFO -- :   Rendered inline template (594.0ms)
I, [2015-06-29T10:33:45.565188 #53224]  INFO -- :   Rendered inline template (4.0ms)
I, [2015-06-29T10:33:45.569188 #53224]  INFO -- :   Rendered inline template (3.0ms)
I, [2015-06-29T10:33:45.570188 #53224]  INFO -- :   Rendered inline template (15.0ms)
I, [2015-06-29T10:33:45.584188 #53224]  INFO -- :   Rendered inline template (2.0ms)
I, [2015-06-29T10:33:45.592188 #53224]  INFO -- :   Rendered inline template (2.0ms)
I, [2015-06-29T10:33:45.593188 #53224]  INFO -- :   Rendered inline template (7.0ms)
I, [2015-06-29T10:33:45.594188 #53224]  INFO -- :   Rendered inline template (18.0ms)
I, [2015-06-29T10:33:45.619189 #53224]  INFO -- :   Rendered inline template (2.0ms)
I, [2015-06-29T10:33:45.620189 #53224]  INFO -- :   Rendered inline template (6.0ms)
I, [2015-06-29T10:33:45.626189 #53224]  INFO -- :   Rendered inline template (3.0ms)
I, [2015-06-29T10:33:45.627189 #53224]  INFO -- :   Rendered inline template (7.0ms)
I, [2015-06-29T10:33:45.628189 #53224]  INFO -- :   Rendered inline template (18.0ms)
I, [2015-06-29T10:33:45.635190 #53224]  INFO -- :   Rendered inline template (2.0ms)
I, [2015-06-29T10:33:45.637190 #53224]  INFO -- :   Rendered inline template (7.0ms)
I, [2015-06-29T10:33:45.647190 #53224]  INFO -- :   Rendered inline template (7.0ms)
I, [2015-06-29T10:33:45.648190 #53224]  INFO -- :   Rendered inline template (43.0ms)
I, [2015-06-29T10:33:45.662191 #53224]  INFO -- :   Rendered inline template (3.0ms)
I, [2015-06-29T10:33:45.664191 #53224]  INFO -- :   Rendered inline template (6.0ms)
I, [2015-06-29T10:33:45.671191 #53224]  INFO -- :   Rendered inline template (3.0ms)
I, [2015-06-29T10:33:45.672191 #53224]  INFO -- :   Rendered inline template (6.0ms)
I, [2015-06-29T10:33:45.673191 #53224]  INFO -- :   Rendered inline template (18.0ms)
I, [2015-06-29T10:33:45.679191 #53224]  INFO -- :   Rendered inline template (2.0ms)
I, [2015-06-29T10:33:45.681191 #53224]  INFO -- :   Rendered inline template (7.0ms)
I, [2015-06-29T10:33:45.690191 #53224]  INFO -- :   Rendered inline template (7.0ms)
I, [2015-06-29T10:33:45.691191 #53224]  INFO -- :   Rendered inline template (41.0ms)
I, [2015-06-29T10:33:45.705192 #53224]  INFO -- :   Rendered inline template (2.0ms)
I, [2015-06-29T10:33:45.706192 #53224]  INFO -- :   Rendered inline template (7.0ms)
I, [2015-06-29T10:33:45.713192 #53224]  INFO -- :   Rendered inline template (3.0ms)
I, [2015-06-29T10:33:45.714192 #53224]  INFO -- :   Rendered inline template (6.0ms)
I, [2015-06-29T10:33:45.715192 #53224]  INFO -- :   Rendered inline template (18.0ms)
I, [2015-06-29T10:33:45.722192 #53224]  INFO -- :   Rendered inline template (2.0ms)
I, [2015-06-29T10:33:45.724193 #53224]  INFO -- :   Rendered inline template (7.0ms)
I, [2015-06-29T10:33:45.733193 #53224]  INFO -- :   Rendered inline template (7.0ms)
I, [2015-06-29T10:33:45.735193 #53224]  INFO -- :   Rendered inline template (41.0ms)
I, [2015-06-29T10:33:45.749193 #53224]  INFO -- :   Rendered inline template (2.0ms)
I, [2015-06-29T10:33:45.750193 #53224]  INFO -- :   Rendered inline template (5.0ms)
I, [2015-06-29T10:33:45.757194 #53224]  INFO -- :   Rendered inline template (3.0ms)
I, [2015-06-29T10:33:45.758194 #53224]  INFO -- :   Rendered inline template (7.0ms)
I, [2015-06-29T10:33:45.759194 #53224]  INFO -- :   Rendered inline template (18.0ms)
I, [2015-06-29T10:33:45.765194 #53224]  INFO -- :   Rendered inline template (2.0ms)
I, [2015-06-29T10:33:45.767194 #53224]  INFO -- :   Rendered inline template (6.0ms)
I, [2015-06-29T10:33:45.777194 #53224]  INFO -- :   Rendered inline template (7.0ms)
I, [2015-06-29T10:33:45.778194 #53224]  INFO -- :   Rendered inline template (41.0ms)
I, [2015-06-29T10:33:45.792195 #53224]  INFO -- :   Rendered inline template (2.0ms)
I, [2015-06-29T10:33:45.793195 #53224]  INFO -- :   Rendered inline template (5.0ms)
I, [2015-06-29T10:33:45.799195 #53224]  INFO -- :   Rendered inline template (3.0ms)
I, [2015-06-29T10:33:45.801195 #53224]  INFO -- :   Rendered inline template (6.0ms)
I, [2015-06-29T10:33:45.802195 #53224]  INFO -- :   Rendered inline template (18.0ms)
I, [2015-06-29T10:33:45.809195 #53224]  INFO -- :   Rendered inline template (2.0ms)
I, [2015-06-29T10:33:45.810195 #53224]  INFO -- :   Rendered inline template (7.0ms)
I, [2015-06-29T10:33:45.820196 #53224]  INFO -- :   Rendered inline template (7.0ms)
I, [2015-06-29T10:33:45.822196 #53224]  INFO -- :   Rendered inline template (42.0ms)
I, [2015-06-29T10:33:45.835196 #53224]  INFO -- :   Rendered inline template (2.0ms)
I, [2015-06-29T10:33:45.837196 #53224]  INFO -- :   Rendered inline template (7.0ms)
I, [2015-06-29T10:33:45.843196 #53224]  INFO -- :   Rendered inline template (3.0ms)
I, [2015-06-29T10:33:45.844196 #53224]  INFO -- :   Rendered inline template (6.0ms)
I, [2015-06-29T10:33:45.845196 #53224]  INFO -- :   Rendered inline template (19.0ms)
I, [2015-06-29T10:33:45.852197 #53224]  INFO -- :   Rendered inline template (2.0ms)
I, [2015-06-29T10:33:45.854197 #53224]  INFO -- :   Rendered inline template (7.0ms)
I, [2015-06-29T10:33:45.864197 #53224]  INFO -- :   Rendered inline template (7.0ms)
I, [2015-06-29T10:33:45.866197 #53224]  INFO -- :   Rendered inline template (41.0ms)
I, [2015-06-29T10:33:45.881197 #53224]  INFO -- :   Rendered inline template (2.0ms)
I, [2015-06-29T10:33:45.882198 #53224]  INFO -- :   Rendered inline template (6.0ms)
I, [2015-06-29T10:33:45.889198 #53224]  INFO -- :   Rendered inline template (3.0ms)
I, [2015-06-29T10:33:45.890198 #53224]  INFO -- :   Rendered inline template (7.0ms)
I, [2015-06-29T10:33:45.891198 #53224]  INFO -- :   Rendered inline template (18.0ms)
I, [2015-06-29T10:33:45.897198 #53224]  INFO -- :   Rendered inline template (2.0ms)
I, [2015-06-29T10:33:45.899198 #53224]  INFO -- :   Rendered inline template (6.0ms)
I, [2015-06-29T10:33:45.910198 #53224]  INFO -- :   Rendered inline template (3.0ms)
I, [2015-06-29T10:33:45.914199 #53224]  INFO -- :   Rendered inline template (2.0ms)
I, [2015-06-29T10:33:45.916199 #53224]  INFO -- :   Rendered inline template (14.0ms)
I, [2015-06-29T10:33:45.917199 #53224]  INFO -- :   Rendered inline template (48.0ms)
I, [2015-06-29T10:33:45.931199 #53224]  INFO -- :   Rendered inline template (2.0ms)
I, [2015-06-29T10:33:45.931199 #53224]  INFO -- :   Rendered inline template (5.0ms)
I, [2015-06-29T10:33:45.938199 #53224]  INFO -- :   Rendered inline template (3.0ms)
I, [2015-06-29T10:33:45.939199 #53224]  INFO -- :   Rendered inline template (7.0ms)
I, [2015-06-29T10:33:45.940199 #53224]  INFO -- :   Rendered inline template (18.0ms)
I, [2015-06-29T10:33:45.956200 #53224]  INFO -- :   Rendered inline template (2.0ms)
I, [2015-06-29T10:33:46.016202 #53224]  INFO -- :   Rendered inline template (74.0ms)
I, [2015-06-29T10:33:46.032202 #53224]  INFO -- :   Rendered inline template (12.0ms)
I, [2015-06-29T10:33:46.034202 #53224]  INFO -- :   Rendered inline template (115.0ms)
I, [2015-06-29T10:33:46.058203 #53224]  INFO -- :   Rendered inline template (3.0ms)
I, [2015-06-29T10:33:46.060203 #53224]  INFO -- :   Rendered inline template (7.0ms)
I, [2015-06-29T10:33:46.066203 #53224]  INFO -- :   Rendered inline template (2.0ms)
I, [2015-06-29T10:33:46.067203 #53224]  INFO -- :   Rendered inline template (7.0ms)
I, [2015-06-29T10:33:46.068203 #53224]  INFO -- :   Rendered inline template (21.0ms)
I, [2015-06-29T10:33:46.075204 #53224]  INFO -- :   Rendered inline template (2.0ms)
I, [2015-06-29T10:33:46.076204 #53224]  INFO -- :   Rendered inline template (7.0ms)
I, [2015-06-29T10:33:46.086204 #53224]  INFO -- :   Rendered inline template (7.0ms)
I, [2015-06-29T10:33:46.087204 #53224]  INFO -- :   Rendered inline template (48.0ms)
I, [2015-06-29T10:33:46.090204 #53224]  INFO -- :   Rendered inline template (494.0ms)
I, [2015-06-29T10:33:46.094204 #53224]  INFO -- :   Rendered inline template (520.0ms)
I, [2015-06-29T10:33:46.096204 #53224]  INFO -- :   Rendered train_location/index.haml within layouts/application (4212.1ms)
I, [2015-06-29T10:34:03.060740 #53224]  INFO -- :   Rendered application/_common_head.haml (16892.5ms)
I, [2015-06-29T10:34:03.082741 #53224]  INFO -- :   Rendered application/_body_normal.haml (5.0ms)
I, [2015-06-29T10:34:03.085741 #53224]  INFO -- : Completed 200 OK in 28348ms (Views: 21247.7ms | ActiveRecord: 0.0ms)
